0 info it worked if it ends with ok
1 verbose cli [ 'C:\\Program Files (x86)\\nodejs\\node.exe',
1 verbose cli   'C:\\Users\\Artur\\AppData\\Roaming\\npm\\node_modules\\npm\\bin\\npm-cli.js',
1 verbose cli   'update',
1 verbose cli   '-g',
1 verbose cli   'npm' ]
2 info using npm@2.14.3
3 info using node@v4.0.0
4 silly mapToRegistry name npm
5 silly mapToRegistry using default registry
6 silly mapToRegistry registry https://registry.npmjs.org/
7 silly mapToRegistry uri https://registry.npmjs.org/npm
8 verbose request uri https://registry.npmjs.org/npm
9 verbose request no auth needed
10 info attempt registry request try #1 at 09:14:11
11 verbose request id dc7f6cfa503ccd00
12 verbose etag "B5W307S1TP3YF834TNU0BQ5SP"
13 http request GET https://registry.npmjs.org/npm
14 http 200 https://registry.npmjs.org/npm
15 silly get cb [ 200,
15 silly get   { server: 'CouchDB/1.5.0 (Erlang OTP/R16B03)',
15 silly get     etag: '"D2VI9YM5LDLIZ9Q06XEPWEWZ5"',
15 silly get     'content-type': 'application/json',
15 silly get     'cache-control': 'max-age=300',
15 silly get     'content-length': '4427941',
15 silly get     'accept-ranges': 'bytes',
15 silly get     date: 'Thu, 03 Mar 2016 08:14:14 GMT',
15 silly get     via: '1.1 varnish',
15 silly get     age: '29',
15 silly get     connection: 'keep-alive',
15 silly get     'x-served-by': 'cache-fra1248-FRA',
15 silly get     'x-cache': 'HIT',
15 silly get     'x-cache-hits': '2',
15 silly get     'x-timer': 'S1456992854.679908,VS0,VE0',
15 silly get     vary: 'Accept' } ]
16 verbose get saving npm to C:\Users\Artur\AppData\Roaming\npm-cache\registry.npmjs.org\npm\.cache.json
17 info outdated updating [ [ 'C:\\Program Files (x86)\\nodejs',
17 info outdated     'npm',
17 info outdated     '2.14.2',
17 info outdated     '3.7.5',
17 info outdated     '3.7.5',
17 info outdated     'latest' ] ]
18 verbose install where, what [ 'C:\\Program Files (x86)\\nodejs', [ 'npm@3.7.5' ] ]
19 verbose install initial load of C:\Program Files (x86)\nodejs\package.json
20 verbose readDependencies loading dependencies from C:\Program Files (x86)\nodejs\package.json
21 silly cache add args [ 'npm@3.7.5', null ]
22 verbose cache add spec npm@3.7.5
23 silly cache add parsed spec Result {
23 silly cache add   raw: 'npm@3.7.5',
23 silly cache add   scope: null,
23 silly cache add   name: 'npm',
23 silly cache add   rawSpec: '3.7.5',
23 silly cache add   spec: '3.7.5',
23 silly cache add   type: 'version' }
24 silly addNamed npm@3.7.5
25 verbose addNamed "3.7.5" is a plain semver version for npm
26 silly mapToRegistry name npm
27 silly mapToRegistry using default registry
28 silly mapToRegistry registry https://registry.npmjs.org/
29 silly mapToRegistry uri https://registry.npmjs.org/npm
30 verbose addNameVersion registry:https://registry.npmjs.org/npm not in flight; fetching
31 verbose get https://registry.npmjs.org/npm not expired, no request
32 silly mapToRegistry name npm
33 silly mapToRegistry using default registry
34 silly mapToRegistry registry https://registry.npmjs.org/
35 silly mapToRegistry uri https://registry.npmjs.org/npm
36 verbose addRemoteTarball https://registry.npmjs.org/npm/-/npm-3.7.5.tgz not in flight; adding
37 verbose addRemoteTarball [ 'https://registry.npmjs.org/npm/-/npm-3.7.5.tgz',
37 verbose addRemoteTarball   'a7dae58e52ecbe263c1c860c6fd64ffa50f3c79b' ]
38 info retry fetch attempt 1 at 09:14:14
39 info attempt registry request try #1 at 09:14:14
40 http fetch GET https://registry.npmjs.org/npm/-/npm-3.7.5.tgz
41 http fetch 200 https://registry.npmjs.org/npm/-/npm-3.7.5.tgz
42 silly fetchAndShaCheck shasum a7dae58e52ecbe263c1c860c6fd64ffa50f3c79b
43 verbose addTmpTarball C:\Users\Artur\AppData\Local\Temp\npm-9796-e4e86497\registry.npmjs.org\npm\-\npm-3.7.5.tgz not in flight; adding
44 verbose addTmpTarball already have metadata; skipping unpack for npm@3.7.5
45 silly cache afterAdd npm@3.7.5
46 verbose afterAdd C:\Users\Artur\AppData\Roaming\npm-cache\npm\3.7.5\package\package.json not in flight; writing
47 verbose afterAdd C:\Users\Artur\AppData\Roaming\npm-cache\npm\3.7.5\package\package.json written
48 silly install resolved [ { version: '3.7.5',
48 silly install resolved     name: 'npm',
48 silly install resolved     description: 'a package manager for JavaScript',
48 silly install resolved     keywords: [ 'install', 'modules', 'package manager', 'package.json' ],
48 silly install resolved     preferGlobal: true,
48 silly install resolved     config: { publishtest: false },
48 silly install resolved     homepage: 'https://docs.npmjs.com/',
48 silly install resolved     author:
48 silly install resolved      { name: 'Isaac Z. Schlueter',
48 silly install resolved        email: 'i@izs.me',
48 silly install resolved        url: 'http://blog.izs.me' },
48 silly install resolved     repository: { type: 'git', url: 'git+https://github.com/npm/npm.git' },
48 silly install resolved     bugs: { url: 'http://github.com/npm/npm/issues' },
48 silly install resolved     directories: { bin: './bin', doc: './doc', lib: './lib', man: './man' },
48 silly install resolved     main: './lib/npm.js',
48 silly install resolved     bin: { npm: './bin/npm-cli.js' },
48 silly install resolved     dependencies:
48 silly install resolved      { abbrev: '~1.0.7',
48 silly install resolved        ansicolors: '~0.3.2',
48 silly install resolved        ansistyles: '~0.1.3',
48 silly install resolved        aproba: '~1.0.1',
48 silly install resolved        archy: '~1.0.0',
48 silly install resolved        'async-some': '~1.0.2',
48 silly install resolved        chownr: '~1.0.1',
48 silly install resolved        'cmd-shim': '~2.0.2',
48 silly install resolved        columnify: '~1.5.4',
48 silly install resolved        'config-chain': '~1.1.10',
48 silly install resolved        dezalgo: '~1.0.3',
48 silly install resolved        editor: '~1.0.0',
48 silly install resolved        'fs-vacuum': '~1.2.7',
48 silly install resolved        'fs-write-stream-atomic': '~1.0.8',
48 silly install resolved        fstream: '~1.0.8',
48 silly install resolved        'fstream-npm': '~1.0.7',
48 silly install resolved        glob: '~7.0.0',
48 silly install resolved        'graceful-fs': '~4.1.3',
48 silly install resolved        'has-unicode': '~2.0.0',
48 silly install resolved        'hosted-git-info': '~2.1.4',
48 silly install resolved        iferr: '~0.1.5',
48 silly install resolved        inflight: '~1.0.4',
48 silly install resolved        inherits: '~2.0.1',
48 silly install resolved        ini: '~1.3.4',
48 silly install resolved        'init-package-json': '~1.9.3',
48 silly install resolved        lockfile: '~1.0.1',
48 silly install resolved        'lodash._baseuniq': '~4.4.0',
48 silly install resolved        'lodash.clonedeep': '~4.3.0',
48 silly install resolved        'lodash.isarguments': '~3.0.7',
48 silly install resolved        'lodash.isarray': '~4.0.0',
48 silly install resolved        'lodash.keys': '~4.0.3',
48 silly install resolved        'lodash.union': '~4.2.0',
48 silly install resolved        'lodash.uniq': '~4.2.0',
48 silly install resolved        'lodash.without': '~4.1.0',
48 silly install resolved        mkdirp: '~0.5.1',
48 silly install resolved        'node-gyp': '~3.3.0',
48 silly install resolved        nopt: '~3.0.6',
48 silly install resolved        'normalize-git-url': '~3.0.1',
48 silly install resolved        'normalize-package-data': '~2.3.5',
48 silly install resolved        'npm-cache-filename': '~1.0.2',
48 silly install resolved        'npm-install-checks': '~3.0.0',
48 silly install resolved        'npm-package-arg': '~4.1.0',
48 silly install resolved        'npm-registry-client': '~7.0.9',
48 silly install resolved        'npm-user-validate': '~0.1.2',
48 silly install resolved        npmlog: '~2.0.2',
48 silly install resolved        once: '~1.3.3',
48 silly install resolved        opener: '~1.4.1',
48 silly install resolved        osenv: '~0.1.3',
48 silly install resolved        'path-is-inside': '~1.0.1',
48 silly install resolved        read: '~1.0.7',
48 silly install resolved        'read-cmd-shim': '~1.0.1',
48 silly install resolved        'read-installed': '~4.0.3',
48 silly install resolved        'read-package-json': '~2.0.3',
48 silly install resolved        'read-package-tree': '~5.1.2',
48 silly install resolved        'readable-stream': '~2.0.5',
48 silly install resolved        'realize-package-specifier': '~3.0.1',
48 silly install resolved        request: '~2.69.0',
48 silly install resolved        retry: '~0.9.0',
48 silly install resolved        rimraf: '~2.5.2',
48 silly install resolved        semver: '~5.1.0',
48 silly install resolved        sha: '~2.0.1',
48 silly install resolved        slide: '~1.1.6',
48 silly install resolved        'sorted-object': '~1.0.0',
48 silly install resolved        tar: '~2.2.1',
48 silly install resolved        'text-table': '~0.2.0',
48 silly install resolved        'uid-number': '0.0.6',
48 silly install resolved        umask: '~1.1.0',
48 silly install resolved        'unique-filename': '~1.1.0',
48 silly install resolved        unpipe: '~1.0.0',
48 silly install resolved        'validate-npm-package-name': '~2.2.2',
48 silly install resolved        which: '~1.2.4',
48 silly install resolved        wrappy: '~1.0.1',
48 silly install resolved        'write-file-atomic': '~1.1.4',
48 silly install resolved        'ansi-regex': '*',
48 silly install resolved        debuglog: '*',
48 silly install resolved        imurmurhash: '*',
48 silly install resolved        'lodash._baseindexof': '*',
48 silly install resolved        'lodash._bindcallback': '*',
48 silly install resolved        'lodash._cacheindexof': '*',
48 silly install resolved        'lodash._createcache': '*',
48 silly install resolved        'lodash._getnative': '*',
48 silly install resolved        'lodash.restparam': '*',
48 silly install resolved        'readdir-scoped-modules': '*',
48 silly install resolved        'strip-ansi': '*',
48 silly install resolved        'validate-npm-package-license': '*' },
48 silly install resolved     bundleDependencies:
48 silly install resolved      [ 'abbrev',
48 silly install resolved        'ansi-regex',
48 silly install resolved        'ansicolors',
48 silly install resolved        'ansistyles',
48 silly install resolved        'aproba',
48 silly install resolved        'archy',
48 silly install resolved        'async-some',
48 silly install resolved        'chownr',
48 silly install resolved        'cmd-shim',
48 silly install resolved        'columnify',
48 silly install resolved        'config-chain',
48 silly install resolved        'debuglog',
48 silly install resolved        'dezalgo',
48 silly install resolved        'editor',
48 silly install resolved        'fs-vacuum',
48 silly install resolved        'fs-write-stream-atomic',
48 silly install resolved        'fstream',
48 silly install resolved        'fstream-npm',
48 silly install resolved        'glob',
48 silly install resolved        'graceful-fs',
48 silly install resolved        'has-unicode',
48 silly install resolved        'hosted-git-info',
48 silly install resolved        'iferr',
48 silly install resolved        'imurmurhash',
48 silly install resolved        'inflight',
48 silly install resolved        'inherits',
48 silly install resolved        'ini',
48 silly install resolved        'init-package-json',
48 silly install resolved        'lockfile',
48 silly install resolved        'lodash._baseindexof',
48 silly install resolved        'lodash._baseuniq',
48 silly install resolved        'lodash._bindcallback',
48 silly install resolved        'lodash._cacheindexof',
48 silly install resolved        'lodash._createcache',
48 silly install resolved        'lodash._getnative',
48 silly install resolved        'lodash.clonedeep',
48 silly install resolved        'lodash.isarguments',
48 silly install resolved        'lodash.isarray',
48 silly install resolved        'lodash.keys',
48 silly install resolved        'lodash.restparam',
48 silly install resolved        'lodash.union',
48 silly install resolved        'lodash.uniq',
48 silly install resolved        'lodash.without',
48 silly install resolved        'mkdirp',
48 silly install resolved        'node-gyp',
48 silly install resolved        'nopt',
48 silly install resolved        'normalize-git-url',
48 silly install resolved        'normalize-package-data',
48 silly install resolved        'npm-cache-filename',
48 silly install resolved        'npm-install-checks',
48 silly install resolved        'npm-package-arg',
48 silly install resolved        'npm-registry-client',
48 silly install resolved        'npm-user-validate',
48 silly install resolved        'npmlog',
48 silly install resolved        'once',
48 silly install resolved        'opener',
48 silly install resolved        'osenv',
48 silly install resolved        'path-is-inside',
48 silly install resolved        'read',
48 silly install resolved        'read-cmd-shim',
48 silly install resolved        'read-installed',
48 silly install resolved        'read-package-json',
48 silly install resolved        'read-package-tree',
48 silly install resolved        'readable-stream',
48 silly install resolved        'readdir-scoped-modules',
48 silly install resolved        'realize-package-specifier',
48 silly install resolved        'request',
48 silly install resolved        'retry',
48 silly install resolved        'rimraf',
48 silly install resolved        'semver',
48 silly install resolved        'sha',
48 silly install resolved        'slide',
48 silly install resolved        'sorted-object',
48 silly install resolved        'strip-ansi',
48 silly install resolved        'tar',
48 silly install resolved        'text-table',
48 silly install resolved        'uid-number',
48 silly install resolved        'umask',
48 silly install resolved        'unique-filename',
48 silly install resolved        'unpipe',
48 silly install resolved        'validate-npm-package-license',
48 silly install resolved        'validate-npm-package-name',
48 silly install resolved        'which',
48 silly install resolved        'wrappy',
48 silly install resolved        'write-file-atomic' ],
48 silly install resolved     devDependencies:
48 silly install resolved      { 'deep-equal': '~1.0.1',
48 silly install resolved        marked: '~0.3.5',
48 silly install resolved        'marked-man': '~0.1.5',
48 silly install resolved        'npm-registry-couchapp': '~2.6.12',
48 silly install resolved        'npm-registry-mock': '~1.0.1',
48 silly install resolved        'require-inject': '~1.3.0',
48 silly install resolved        'sprintf-js': '~1.0.3',
48 silly install resolved        standard: '~5.4.1',
48 silly install resolved        tacks: '~1.0.9',
48 silly install resolved        tap: '~5.6.0' },
48 silly install resolved     scripts:
48 silly install resolved      { dumpconf: 'env | grep npm | sort | uniq',
48 silly install resolved        prepublish: 'node bin/npm-cli.js prune --prefix=. --no-global && rimraf test/*/*/node_modules && make -j4 doc',
48 silly install resolved        preversion: 'bash scripts/update-authors.sh && git add AUTHORS && git commit -m "update AUTHORS" || true',
48 silly install resolved        tap: 'tap --timeout 240',
48 silly install resolved        test: 'standard && npm run test-tap',
48 silly install resolved        'test-tap': 'npm run tap -- "test/tap/*.js"',
48 silly install resolved        'test-node': '"$NODE" ./test/run.js && "$NODE" "node_modules/.bin/tap" --timeout 240 "test/tap/*.js"' },
48 silly install resolved     license: 'Artistic-2.0',
48 silly install resolved     contributors:
48 silly install resolved      [ [Object],
48 silly install resolved        [Object],
48 silly install resolved        [Object],
48 silly install resolved        [Object],
48 silly install resolved        [Object],
48 silly install resolved        [Object],
48 silly install resolved        [Object],
48 silly install resolved        [Object],
48 silly install resolved        [Object],
48 silly install resolved        [Object],
48 silly install resolved        [Object],
48 silly install resolved        [Object],
48 silly install resolved        [Object],
48 silly install resolved        [Object],
48 silly install resolved        [Object],
48 silly install resolved        [Object],
48 silly install resolved        [Object],
48 silly install resolved        [Object],
48 silly install resolved        [Object],
48 silly install resolved        [Object],
48 silly install resolved        [Object],
48 silly install resolved        [Object],
48 silly install resolved        [Object],
48 silly install resolved        [Object],
48 silly install resolved        [Object],
48 silly install resolved        [Object],
48 silly install resolved        [Object],
48 silly install resolved        [Object],
48 silly install resolved        [Object],
48 silly install resolved        [Object],
48 silly install resolved        [Object],
48 silly install resolved        [Object],
48 silly install resolved        [Object],
48 silly install resolved        [Object],
48 silly install resolved        [Object],
48 silly install resolved        [Object],
48 silly install resolved        [Object],
48 silly install resolved        [Object],
48 silly install resolved        [Object],
48 silly install resolved        [Object],
48 silly install resolved        [Object],
48 silly install resolved        [Object],
48 silly install resolved        [Object],
48 silly install resolved        [Object],
48 silly install resolved        [Object],
48 silly install resolved        [Object],
48 silly install resolved        [Object],
48 silly install resolved        [Object],
48 silly install resolved        [Object],
48 silly install resolved        [Object],
48 silly install resolved        [Object],
48 silly install resolved        [Object],
48 silly install resolved        [Object],
48 silly install resolved        [Object],
48 silly install resolved        [Object],
48 silly install resolved        [Object],
48 silly install resolved        [Object],
48 silly install resolved        [Object],
48 silly install resolved        [Object],
48 silly install resolved        [Object],
48 silly install resolved        [Object],
48 silly install resolved        [Object],
48 silly install resolved        [Object],
48 silly install resolved        [Object],
48 silly install resolved        [Object],
48 silly install resolved        [Object],
48 silly install resolved        [Object],
48 silly install resolved        [Object],
48 silly install resolved        [Object],
48 silly install resolved        [Object],
48 silly install resolved        [Object],
48 silly install resolved        [Object],
48 silly install resolved        [Object],
48 silly install resolved        [Object],
48 silly install resolved        [Object],
48 silly install resolved        [Object],
48 silly install resolved        [Object],
48 silly install resolved        [Object],
48 silly install resolved        [Object],
48 silly install resolved        [Object],
48 silly install resolved        [Object],
48 silly install resolved        [Object],
48 silly install resolved        [Object],
48 silly install resolved        [Object],
48 silly install resolved        [Object],
48 silly install resolved        [Object],
48 silly install resolved        [Object],
48 silly install resolved        [Object],
48 silly install resolved        [Object],
48 silly install resolved        [Object],
48 silly install resolved        [Object],
48 silly install resolved        [Object],
48 silly install resolved        [Object],
48 silly install resolved        [Object],
48 silly install resolved        [Object],
48 silly install resolved        [Object],
48 silly install resolved        [Object],
48 silly install resolved        [Object],
48 silly install resolved        [Object],
48 silly install resolved        [Object],
48 silly install resolved        [Object],
48 silly install resolved        [Object],
48 silly install resolved        [Object],
48 silly install resolved        [Object],
48 silly install resolved        [Object],
48 silly install resolved        [Object],
48 silly install resolved        [Object],
48 silly install resolved        [Object],
48 silly install resolved        [Object],
48 silly install resolved        [Object],
48 silly install resolved        [Object],
48 silly install resolved        [Object],
48 silly install resolved        [Object],
48 silly install resolved        [Object],
48 silly install resolved        [Object],
48 silly install resolved        [Object],
48 silly install resolved        [Object],
48 silly install resolved        [Object],
48 silly install resolved        [Object],
48 silly install resolved        [Object],
48 silly install resolved        [Object],
48 silly install resolved        [Object],
48 silly install resolved        [Object],
48 silly install resolved        [Object],
48 silly install resolved        [Object],
48 silly install resolved        [Object],
48 silly install resolved        [Object],
48 silly install resolved        [Object],
48 silly install resolved        [Object],
48 silly install resolved        [Object],
48 silly install resolved        [Object],
48 silly install resolved        [Object],
48 silly install resolved        [Object],
48 silly install resolved        [Object],
48 silly install resolved        [Object],
48 silly install resolved        [Object],
48 silly install resolved        [Object],
48 silly install resolved        [Object],
48 silly install resolved        [Object],
48 silly install resolved        [Object],
48 silly install resolved        [Object],
48 silly install resolved        [Object],
48 silly install resolved        [Object],
48 silly install resolved        [Object],
48 silly install resolved        [Object],
48 silly install resolved        [Object],
48 silly install resolved        [Object],
48 silly install resolved        [Object],
48 silly install resolved        [Object],
48 silly install resolved        [Object],
48 silly install resolved        [Object],
48 silly install resolved        [Object],
48 silly install resolved        [Object],
48 silly install resolved        [Object],
48 silly install resolved        [Object],
48 silly install resolved        [Object],
48 silly install resolved        [Object],
48 silly install resolved        [Object],
48 silly install resolved        [Object],
48 silly install resolved        [Object],
48 silly install resolved        [Object],
48 silly install resolved        [Object],
48 silly install resolved        [Object],
48 silly install resolved        [Object],
48 silly install resolved        [Object],
48 silly install resolved        [Object],
48 silly install resolved        [Object],
48 silly install resolved        [Object],
48 silly install resolved        [Object],
48 silly install resolved        [Object],
48 silly install resolved        [Object],
48 silly install resolved        [Object],
48 silly install resolved        [Object],
48 silly install resolved        [Object],
48 silly install resolved        [Object],
48 silly install resolved        [Object],
48 silly install resolved        [Object],
48 silly install resolved        [Object],
48 silly install resolved        [Object],
48 silly install resolved        [Object],
48 silly install resolved        [Object],
48 silly install resolved        [Object],
48 silly install resolved        [Object],
48 silly install resolved        [Object],
48 silly install resolved        [Object],
48 silly install resolved        [Object],
48 silly install resolved        [Object],
48 silly install resolved        [Object],
48 silly install resolved        [Object],
48 silly install resolved        [Object],
48 silly install resolved        [Object],
48 silly install resolved        [Object],
48 silly install resolved        [Object],
48 silly install resolved        [Object],
48 silly install resolved        [Object],
48 silly install resolved        [Object],
48 silly install resolved        [Object],
48 silly install resolved        [Object],
48 silly install resolved        [Object],
48 silly install resolved        [Object],
48 silly install resolved        [Object],
48 silly install resolved        [Object],
48 silly install resolved        [Object],
48 silly install resolved        [Object],
48 silly install resolved        [Object],
48 silly install resolved        [Object],
48 silly install resolved        [Object],
48 silly install resolved        [Object],
48 silly install resolved        [Object],
48 silly install resolved        [Object],
48 silly install resolved        [Object],
48 silly install resolved        [Object],
48 silly install resolved        [Object],
48 silly install resolved        [Object],
48 silly install resolved        [Object],
48 silly install resolved        [Object],
48 silly install resolved        [Object],
48 silly install resolved        [Object],
48 silly install resolved        [Object],
48 silly install resolved        [Object],
48 silly install resolved        [Object],
48 silly install resolved        [Object],
48 silly install resolved        [Object],
48 silly install resolved        [Object],
48 silly install resolved        [Object],
48 silly install resolved        [Object],
48 silly install resolved        [Object],
48 silly install resolved        [Object],
48 silly install resolved        [Object],
48 silly install resolved        [Object],
48 silly install resolved        [Object],
48 silly install resolved        [Object],
48 silly install resolved        [Object],
48 silly install resolved        [Object],
48 silly install resolved        [Object],
48 silly install resolved        [Object],
48 silly install resolved        [Object],
48 silly install resolved        [Object],
48 silly install resolved        [Object],
48 silly install resolved        [Object],
48 silly install resolved        [Object],
48 silly install resolved        [Object],
48 silly install resolved        [Object],
48 silly install resolved        [Object],
48 silly install resolved        [Object],
48 silly install resolved        [Object],
48 silly install resolved        [Object],
48 silly install resolved        [Object],
48 silly install resolved        [Object],
48 silly install resolved        [Object],
48 silly install resolved        [Object],
48 silly install resolved        [Object],
48 silly install resolved        [Object],
48 silly install resolved        [Object],
48 silly install resolved        [Object],
48 silly install resolved        [Object],
48 silly install resolved        [Object],
48 silly install resolved        [Object],
48 silly install resolved        [Object],
48 silly install resolved        [Object],
48 silly install resolved        [Object],
48 silly install resolved        [Object],
48 silly install resolved        [Object],
48 silly install resolved        [Object],
48 silly install resolved        [Object],
48 silly install resolved        [Object],
48 silly install resolved        [Object],
48 silly install resolved        [Object],
48 silly install resolved        [Object],
48 silly install resolved        [Object],
48 silly install resolved        [Object],
48 silly install resolved        [Object],
48 silly install resolved        [Object],
48 silly install resolved        [Object],
48 silly install resolved        [Object],
48 silly install resolved        [Object],
48 silly install resolved        [Object],
48 silly install resolved        [Object],
48 silly install resolved        [Object],
48 silly install resolved        [Object],
48 silly install resolved        [Object],
48 silly install resolved        [Object],
48 silly install resolved        [Object],
48 silly install resolved        [Object],
48 silly install resolved        [Object],
48 silly install resolved        [Object],
48 silly install resolved        [Object],
48 silly install resolved        [Object],
48 silly install resolved        [Object],
48 silly install resolved        [Object],
48 silly install resolved        [Object],
48 silly install resolved        [Object],
48 silly install resolved        [Object],
48 silly install resolved        [Object],
48 silly install resolved        [Object],
48 silly install resolved        [Object],
48 silly install resolved        [Object],
48 silly install resolved        [Object],
48 silly install resolved        [Object],
48 silly install resolved        [Object],
48 silly install resolved        [Object],
48 silly install resolved        [Object],
48 silly install resolved        [Object],
48 silly install resolved        [Object],
48 silly install resolved        [Object],
48 silly install resolved        [Object],
48 silly install resolved        [Object],
48 silly install resolved        [Object],
48 silly install resolved        [Object],
48 silly install resolved        [Object],
48 silly install resolved        [Object],
48 silly install resolved        [Object],
48 silly install resolved        [Object],
48 silly install resolved        [Object],
48 silly install resolved        [Object],
48 silly install resolved        [Object],
48 silly install resolved        [Object],
48 silly install resolved        [Object],
48 silly install resolved        [Object],
48 silly install resolved        [Object],
48 silly install resolved        [Object],
48 silly install resolved        [Object],
48 silly install resolved        [Object],
48 silly install resolved        [Object],
48 silly install resolved        [Object],
48 silly install resolved        [Object],
48 silly install resolved        [Object],
48 silly install resolved        [Object],
48 silly install resolved        [Object],
48 silly install resolved        [Object],
48 silly install resolved        [Object],
48 silly install resolved        [Object],
48 silly install resolved        [Object],
48 silly install resolved        [Object],
48 silly install resolved        [Object],
48 silly install resolved        [Object],
48 silly install resolved        [Object],
48 silly install resolved        [Object],
48 silly install resolved        [Object],
48 silly install resolved        [Object],
48 silly install resolved        [Object],
48 silly install resolved        [Object],
48 silly install resolved        [Object],
48 silly install resolved        [Object],
48 silly install resolved        [Object],
48 silly install resolved        [Object],
48 silly install resolved        [Object],
48 silly install resolved        [Object],
48 silly install resolved        [Object],
48 silly install resolved        [Object],
48 silly install resolved        [Object],
48 silly install resolved        [Object],
48 silly install resolved        [Object],
48 silly install resolved        [Object],
48 silly install resolved        [Object],
48 silly install resolved        [Object],
48 silly install resolved        [Object],
48 silly install resolved        [Object],
48 silly install resolved        [Object],
48 silly install resolved        [Object],
48 silly install resolved        [Object],
48 silly install resolved        [Object],
48 silly install resolved        [Object],
48 silly install resolved        [Object],
48 silly install resolved        [Object],
48 silly install resolved        [Object],
48 silly install resolved        [Object],
48 silly install resolved        [Object] ],
48 silly install resolved     man:
48 silly install resolved      [ '/Users/rebecca/code/release/npm-3/man/man1/npm-access.1',
48 silly install resolved        '/Users/rebecca/code/release/npm-3/man/man1/npm-adduser.1',
48 silly install resolved        '/Users/rebecca/code/release/npm-3/man/man1/npm-bin.1',
48 silly install resolved        '/Users/rebecca/code/release/npm-3/man/man1/npm-bugs.1',
48 silly install resolved        '/Users/rebecca/code/release/npm-3/man/man1/npm-build.1',
48 silly install resolved        '/Users/rebecca/code/release/npm-3/man/man1/npm-bundle.1',
48 silly install resolved        '/Users/rebecca/code/release/npm-3/man/man1/npm-cache.1',
48 silly install resolved        '/Users/rebecca/code/release/npm-3/man/man1/npm-completion.1',
48 silly install resolved        '/Users/rebecca/code/release/npm-3/man/man1/npm-config.1',
48 silly install resolved        '/Users/rebecca/code/release/npm-3/man/man1/npm-dedupe.1',
48 silly install resolved        '/Users/rebecca/code/release/npm-3/man/man1/npm-deprecate.1',
48 silly install resolved        '/Users/rebecca/code/release/npm-3/man/man1/npm-dist-tag.1',
48 silly install resolved        '/Users/rebecca/code/release/npm-3/man/man1/npm-docs.1',
48 silly install resolved        '/Users/rebecca/code/release/npm-3/man/man1/npm-edit.1',
48 silly install resolved        '/Users/rebecca/code/release/npm-3/man/man1/npm-explore.1',
48 silly install resolved        '/Users/rebecca/code/release/npm-3/man/man1/npm-help-search.1',
48 silly install resolved        '/Users/rebecca/code/release/npm-3/man/man1/npm-help.1',
48 silly install resolved        '/Users/rebecca/code/release/npm-3/man/man1/npm-init.1',
48 silly install resolved        '/Users/rebecca/code/release/npm-3/man/man1/npm-install-test.1',
48 silly install resolved        '/Users/rebecca/code/release/npm-3/man/man1/npm-install.1',
48 silly install resolved        '/Users/rebecca/code/release/npm-3/man/man1/npm-link.1',
48 silly install resolved        '/Users/rebecca/code/release/npm-3/man/man1/npm-logout.1',
48 silly install resolved        '/Users/rebecca/code/release/npm-3/man/man1/npm-ls.1',
48 silly install resolved        '/Users/rebecca/code/release/npm-3/man/man1/npm-outdated.1',
48 silly install resolved        '/Users/rebecca/code/release/npm-3/man/man1/npm-owner.1',
48 silly install resolved        '/Users/rebecca/code/release/npm-3/man/man1/npm-pack.1',
48 silly install resolved        '/Users/rebecca/code/release/npm-3/man/man1/npm-ping.1',
48 silly install resolved        '/Users/rebecca/code/release/npm-3/man/man1/npm-prefix.1',
48 silly install resolved        '/Users/rebecca/code/release/npm-3/man/man1/npm-prune.1',
48 silly install resolved        '/Users/rebecca/code/release/npm-3/man/man1/npm-publish.1',
48 silly install resolved        '/Users/rebecca/code/release/npm-3/man/man1/npm-README.1',
48 silly install resolved        '/Users/rebecca/code/release/npm-3/man/man1/npm-rebuild.1',
48 silly install resolved        '/Users/rebecca/code/release/npm-3/man/man1/npm-repo.1',
48 silly install resolved        '/Users/rebecca/code/release/npm-3/man/man1/npm-restart.1',
48 silly install resolved        '/Users/rebecca/code/release/npm-3/man/man1/npm-root.1',
48 silly install resolved        '/Users/rebecca/code/release/npm-3/man/man1/npm-run-script.1',
48 silly install resolved        '/Users/rebecca/code/release/npm-3/man/man1/npm-search.1',
48 silly install resolved        '/Users/rebecca/code/release/npm-3/man/man1/npm-shrinkwrap.1',
48 silly install resolved        '/Users/rebecca/code/release/npm-3/man/man1/npm-star.1',
48 silly install resolved        '/Users/rebecca/code/release/npm-3/man/man1/npm-stars.1',
48 silly install resolved        '/Users/rebecca/code/release/npm-3/man/man1/npm-start.1',
48 silly install resolved        '/Users/rebecca/code/release/npm-3/man/man1/npm-stop.1',
48 silly install resolved        '/Users/rebecca/code/release/npm-3/man/man1/npm-tag.1',
48 silly install resolved        '/Users/rebecca/code/release/npm-3/man/man1/npm-team.1',
48 silly install resolved        '/Users/rebecca/code/release/npm-3/man/man1/npm-test.1',
48 silly install resolved        '/Users/rebecca/code/release/npm-3/man/man1/npm-uninstall.1',
48 silly install resolved        '/Users/rebecca/code/release/npm-3/man/man1/npm-unpublish.1',
48 silly install resolved        '/Users/rebecca/code/release/npm-3/man/man1/npm-update.1',
48 silly install resolved        '/Users/rebecca/code/release/npm-3/man/man1/npm-version.1',
48 silly install resolved        '/Users/rebecca/code/release/npm-3/man/man1/npm-view.1',
48 silly install resolved        '/Users/rebecca/code/release/npm-3/man/man1/npm-whoami.1',
48 silly install resolved        '/Users/rebecca/code/release/npm-3/man/man1/npm.1',
48 silly install resolved        '/Users/rebecca/code/release/npm-3/man/man5/npm-folders.5',
48 silly install resolved        '/Users/rebecca/code/release/npm-3/man/man5/npm-global.5',
48 silly install resolved        '/Users/rebecca/code/release/npm-3/man/man5/npm-json.5',
48 silly install resolved        '/Users/rebecca/code/release/npm-3/man/man5/npmrc.5',
48 silly install resolved        '/Users/rebecca/code/release/npm-3/man/man5/package.json.5',
48 silly install resolved        '/Users/rebecca/code/release/npm-3/man/man7/npm-coding-style.7',
48 silly install resolved        '/Users/rebecca/code/release/npm-3/man/man7/npm-config.7',
48 silly install resolved        '/Users/rebecca/code/release/npm-3/man/man7/npm-developers.7',
48 silly install resolved        '/Users/rebecca/code/release/npm-3/man/man7/npm-disputes.7',
48 silly install resolved        '/Users/rebecca/code/release/npm-3/man/man7/npm-index.7',
48 silly install resolved        '/Users/rebecca/code/release/npm-3/man/man7/npm-orgs.7',
48 silly install resolved        '/Users/rebecca/code/release/npm-3/man/man7/npm-registry.7',
48 silly install resolved        '/Users/rebecca/code/release/npm-3/man/man7/npm-scope.7',
48 silly install resolved        '/Users/rebecca/code/release/npm-3/man/man7/npm-scripts.7',
48 silly install resolved        '/Users/rebecca/code/release/npm-3/man/man7/removing-npm.7',
48 silly install resolved        '/Users/rebecca/code/release/npm-3/man/man7/semver.7' ],
48 silly install resolved     gitHead: 'ac9c70d5995a04614a68f554c0e88b5a48ce2858',
48 silly install resolved     _id: 'npm@3.7.5',
48 silly install resolved     _shasum: 'a7dae58e52ecbe263c1c860c6fd64ffa50f3c79b',
48 silly install resolved     _from: 'npm@3.7.5',
48 silly install resolved     _npmVersion: '3.7.5',
48 silly install resolved     _nodeVersion: '5.4.0',
48 silly install resolved     _npmUser: { name: 'iarna', email: 'me@re-becca.org' },
48 silly install resolved     dist:
48 silly install resolved      { shasum: 'a7dae58e52ecbe263c1c860c6fd64ffa50f3c79b',
48 silly install resolved        tarball: 'http://registry.npmjs.org/npm/-/npm-3.7.5.tgz' },
48 silly install resolved     maintainers: [ [Object], [Object], [Object], [Object] ],
48 silly install resolved     _npmOperationalInternal:
48 silly install resolved      { host: 'packages-6-west.internal.npmjs.com',
48 silly install resolved        tmp: 'tmp/npm-3.7.5.tgz_1456189134123_0.1844389026518911' },
48 silly install resolved     _resolved: 'https://registry.npmjs.org/npm/-/npm-3.7.5.tgz' } ]
49 info install npm@3.7.5 into C:\Program Files (x86)\nodejs
50 info installOne npm@3.7.5
51 verbose installOne of npm to C:\Program Files (x86)\nodejs not in flight; installing
52 verbose lock using C:\Users\Artur\AppData\Roaming\npm-cache\_locks\npm-6ee478fcdd85fc37.lock for C:\Program Files (x86)\nodejs\node_modules\npm
53 silly install write writing npm 3.7.5 to C:\Program Files (x86)\nodejs\node_modules\npm
54 verbose unbuild node_modules\npm
55 info preuninstall npm@2.14.2
56 info uninstall npm@2.14.2
57 verbose unbuild rmStuff npm@2.14.2 from C:\Program Files (x86)\nodejs\node_modules
58 silly gentlyRm C:\Program Files (x86)\nodejs\npm.cmd is being gently removed
59 silly gentlyRm verifying C:\Program Files (x86)\nodejs is an npm working directory
60 silly gentlyRm containing path C:\Program Files (x86)\nodejs is under npm's control, in C:\Program Files (x86)\nodejs
61 silly gentlyRm deletion target C:\Program Files (x86)\nodejs\npm.cmd is under C:\Program Files (x86)\nodejs
62 verbose gentlyRm vacuuming from C:\Program Files (x86)\nodejs\npm.cmd up to C:\Program Files (x86)\nodejs
63 silly vacuum-fs removing C:\Program Files (x86)\nodejs\npm.cmd
64 verbose unlock done using C:\Users\Artur\AppData\Roaming\npm-cache\_locks\npm-6ee478fcdd85fc37.lock for C:\Program Files (x86)\nodejs\node_modules\npm
65 verbose stack Error: EPERM: operation not permitted, unlink 'C:\Program Files (x86)\nodejs\npm.cmd'
65 verbose stack     at Error (native)
66 verbose cwd C:\www\yii
67 error Windows_NT 6.1.7601
68 error argv "C:\\Program Files (x86)\\nodejs\\node.exe" "C:\\Users\\Artur\\AppData\\Roaming\\npm\\node_modules\\npm\\bin\\npm-cli.js" "update" "-g" "npm"
69 error node v4.0.0
70 error npm  v2.14.3
71 error path C:\Program Files (x86)\nodejs\npm.cmd
72 error code EPERM
73 error errno -4048
74 error syscall unlink
75 error Error: EPERM: operation not permitted, unlink 'C:\Program Files (x86)\nodejs\npm.cmd'
75 error     at Error (native)
75 error  { [Error: EPERM: operation not permitted, unlink 'C:\Program Files (x86)\nodejs\npm.cmd']
75 error   errno: -4048,
75 error   code: 'EPERM',
75 error   syscall: 'unlink',
75 error   path: 'C:\\Program Files (x86)\\nodejs\\npm.cmd' }
76 error Please try running this command again as root/Administrator.
77 verbose exit [ -4048, true ]
78 verbose unbuild node_modules\npm
79 info preuninstall npm@2.14.2
80 info uninstall npm@2.14.2
81 verbose unbuild rmStuff npm@2.14.2 from C:\Program Files (x86)\nodejs\node_modules
82 silly gentlyRm C:\Program Files (x86)\nodejs\npm.cmd is being gently removed
83 silly gentlyRm verifying C:\Program Files (x86)\nodejs is an npm working directory
84 silly gentlyRm containing path C:\Program Files (x86)\nodejs is under npm's control, in C:\Program Files (x86)\nodejs
85 silly gentlyRm deletion target C:\Program Files (x86)\nodejs\npm.cmd is under C:\Program Files (x86)\nodejs
86 verbose gentlyRm vacuuming from C:\Program Files (x86)\nodejs\npm.cmd up to C:\Program Files (x86)\nodejs
87 silly vacuum-fs removing C:\Program Files (x86)\nodejs\npm.cmd
88 error error rolling back Error: EPERM: operation not permitted, unlink 'C:\Program Files (x86)\nodejs\npm.cmd'
88 error error rolling back     at Error (native)
88 error error rolling back  { [Error: EPERM: operation not permitted, unlink 'C:\Program Files (x86)\nodejs\npm.cmd']
88 error error rolling back   errno: -4048,
88 error error rolling back   code: 'EPERM',
88 error error rolling back   syscall: 'unlink',
88 error error rolling back   path: 'C:\\Program Files (x86)\\nodejs\\npm.cmd' }
